1602712957439	geckodriver	INFO	Listening on 127.0.0.1:60645
1602713230935	geckodriver	INFO	Listening on 127.0.0.1:39773
1602713230954	mozrunner::runner	INFO	Running command: "/usr/bin/firefox-esr" "--marionette" "-foreground" "-no-remote" "-profile" "/tmp/rust_mozprofilelvuh64"
1602713232695	addons.webextension.screenshots@mozilla.org	WARN	Loading extension 'screenshots@mozilla.org': Reading manifest: Invalid extension permission: mozillaAddons
1602713232695	addons.webextension.screenshots@mozilla.org	WARN	Loading extension 'screenshots@mozilla.org': Reading manifest: Invalid extension permission: telemetry
1602713232695	addons.webextension.screenshots@mozilla.org	WARN	Loading extension 'screenshots@mozilla.org': Reading manifest: Invalid extension permission: resource://pdf.js/
1602713232695	addons.webextension.screenshots@mozilla.org	WARN	Loading extension 'screenshots@mozilla.org': Reading manifest: Invalid extension permission: about:reader*
Sandbox: seccomp sandbox violation: pid 54881, tid 54881, syscall 315, args 54881 139645741381824 56 0 27 139645741381824.
JavaScript error: undefined, line 14: Error: An unexpected error occurred
JavaScript error: moz-extension://19837c87-1561-4c49-a726-31ecfac8d4b3/lib/picture_in_picture_overrides.js, line 15: Error: Incorrect argument types for pictureInPictureParent.setOverrides.
Sandbox: seccomp sandbox violation: pid 54917, tid 54917, syscall 315, args 54917 140429540407936 56 0 21 140429540407936.
JavaScript error: resource:///modules/sessionstore/SessionStore.jsm, line 1325: uncaught exception: 2147746065
1602713236926	Marionette	INFO	Listening on port 40197
1602713237065	Marionette	WARN	TLS certificate errors will be ignored for this session
1602713255666	Marionette	INFO	Stopped listening on port 40197
1602870937854	geckodriver	INFO	Listening on 127.0.0.1:60195
1602870937859	mozrunner::runner	INFO	Running command: "/usr/bin/firefox-esr" "--marionette" "-foreground" "-no-remote" "-profile" "/tmp/rust_mozprofileoC7Orv"
1602870939437	addons.webextension.screenshots@mozilla.org	WARN	Loading extension 'screenshots@mozilla.org': Reading manifest: Invalid extension permission: mozillaAddons
1602870939438	addons.webextension.screenshots@mozilla.org	WARN	Loading extension 'screenshots@mozilla.org': Reading manifest: Invalid extension permission: telemetry
1602870939438	addons.webextension.screenshots@mozilla.org	WARN	Loading extension 'screenshots@mozilla.org': Reading manifest: Invalid extension permission: resource://pdf.js/
1602870939438	addons.webextension.screenshots@mozilla.org	WARN	Loading extension 'screenshots@mozilla.org': Reading manifest: Invalid extension permission: about:reader*
Sandbox: seccomp sandbox violation: pid 69721, tid 69721, syscall 315, args 69721 140442495670912 56 0 21 140442495670912.
Sandbox: seccomp sandbox violation: pid 69743, tid 69743, syscall 315, args 69743 140457937943168 56 0 21 140457937943168.
JavaScript error: undefined, line 14: Error: An unexpected error occurred
JavaScript error: moz-extension://f6b76ce0-df15-435b-af43-79220d4eeb10/lib/picture_in_picture_overrides.js, line 15: Error: Incorrect argument types for pictureInPictureParent.setOverrides.
JavaScript error: resource:///modules/sessionstore/SessionStore.jsm, line 1325: uncaught exception: 2147746065
1602870944423	Marionette	INFO	Listening on port 43489
1602870944478	Marionette	WARN	TLS certificate errors will be ignored for this session
JavaScript error: , line 0: uncaught exception: 2147746132
JavaScript error: , line 0: uncaught exception: 2147746132
JavaScript error: , line 0: uncaught exception: 2147746132
JavaScript error: , line 0: uncaught exception: 2147746132
JavaScript error: , line 0: uncaught exception: 2147746132
JavaScript error: , line 0: uncaught exception: 2147746132
JavaScript error: , line 0: uncaught exception: 2147746132
JavaScript error: , line 0: uncaught exception: 2147746132
JavaScript error: , line 0: uncaught exception: 2147746132
JavaScript error: , line 0: uncaught exception: 2147746132
JavaScript error: , line 0: uncaught exception: 2147746132
JavaScript error: , line 0: uncaught exception: 2147746132
JavaScript error: , line 0: uncaught exception: 2147746132
JavaScript error: , line 0: uncaught exception: 2147746132
JavaScript error: , line 0: uncaught exception: 2147746132
JavaScript error: , line 0: uncaught exception: 2147746132
JavaScript error: , line 0: uncaught exception: 2147746132
JavaScript error: , line 0: uncaught exception: 2147746132
JavaScript error: , line 0: uncaught exception: 2147746132
JavaScript error: , line 0: uncaught exception: 2147746132
1602871065614	Marionette	INFO	Stopped listening on port 43489
1602871118761	geckodriver	INFO	Listening on 127.0.0.1:52329
1602871118766	mozrunner::runner	INFO	Running command: "/usr/bin/firefox-esr" "--marionette" "-foreground" "-no-remote" "-profile" "/tmp/rust_mozprofilea7Bp0S"
1602871119471	addons.webextension.screenshots@mozilla.org	WARN	Loading extension 'screenshots@mozilla.org': Reading manifest: Invalid extension permission: mozillaAddons
1602871119471	addons.webextension.screenshots@mozilla.org	WARN	Loading extension 'screenshots@mozilla.org': Reading manifest: Invalid extension permission: telemetry
1602871119471	addons.webextension.screenshots@mozilla.org	WARN	Loading extension 'screenshots@mozilla.org': Reading manifest: Invalid extension permission: resource://pdf.js/
1602871119471	addons.webextension.screenshots@mozilla.org	WARN	Loading extension 'screenshots@mozilla.org': Reading manifest: Invalid extension permission: about:reader*
Sandbox: seccomp sandbox violation: pid 70086, tid 70086, syscall 315, args 70086 140678097062528 56 0 21 140678097062528.
Sandbox: seccomp sandbox violation: pid 70106, tid 70106, syscall 315, args 70106 139695271926400 56 0 21 139695271926400.
JavaScript error: undefined, line 14: Error: An unexpected error occurred
JavaScript error: moz-extension://23b3bcab-28fc-4694-84bb-1536264389f6/lib/picture_in_picture_overrides.js, line 15: Error: Incorrect argument types for pictureInPictureParent.setOverrides.
JavaScript error: resource:///modules/sessionstore/SessionStore.jsm, line 1325: uncaught exception: 2147746065
1602871123964	Marionette	INFO	Listening on port 46257
1602871123982	Marionette	WARN	TLS certificate errors will be ignored for this session
JavaScript error: , line 0: uncaught exception: 2147746132
JavaScript error: , line 0: uncaught exception: 2147746132
JavaScript error: , line 0: uncaught exception: 2147746132
JavaScript error: , line 0: uncaught exception: 2147746132
JavaScript error: , line 0: uncaught exception: 2147746132
JavaScript error: , line 0: uncaught exception: 2147746132
JavaScript error: , line 0: uncaught exception: 2147746132
JavaScript error: , line 0: uncaught exception: 2147746132
JavaScript error: , line 0: uncaught exception: 2147746132
JavaScript error: , line 0: uncaught exception: 2147746132
1602871453138	geckodriver	INFO	Listening on 127.0.0.1:39777
1602871453157	mozrunner::runner	INFO	Running command: "/usr/bin/firefox-esr" "--marionette" "-foreground" "-no-remote" "-profile" "/tmp/rust_mozprofileeVnMyI"
1602871453875	addons.webextension.screenshots@mozilla.org	WARN	Loading extension 'screenshots@mozilla.org': Reading manifest: Invalid extension permission: mozillaAddons
1602871453875	addons.webextension.screenshots@mozilla.org	WARN	Loading extension 'screenshots@mozilla.org': Reading manifest: Invalid extension permission: telemetry
1602871453875	addons.webextension.screenshots@mozilla.org	WARN	Loading extension 'screenshots@mozilla.org': Reading manifest: Invalid extension permission: resource://pdf.js/
1602871453875	addons.webextension.screenshots@mozilla.org	WARN	Loading extension 'screenshots@mozilla.org': Reading manifest: Invalid extension permission: about:reader*
Sandbox: seccomp sandbox violation: pid 70501, tid 70501, syscall 315, args 70501 140218855377536 56 0 21 140218855377536.
Sandbox: seccomp sandbox violation: pid 70521, tid 70521, syscall 315, args 70521 140705102010688 56 0 26 140705102010688.
JavaScript error: undefined, line 14: Error: An unexpected error occurred
JavaScript error: moz-extension://7664f83f-3a1c-4528-86f0-a5e3bf44aca4/lib/picture_in_picture_overrides.js, line 15: Error: Incorrect argument types for pictureInPictureParent.setOverrides.
JavaScript error: resource:///modules/sessionstore/SessionStore.jsm, line 1325: uncaught exception: 2147746065
1602871457210	Marionette	INFO	Listening on port 38337
1602871457268	Marionette	WARN	TLS certificate errors will be ignored for this session
[Child 70106, Chrome_ChildThread] WARNING: pipe error: Pipe quebrado: file /build/firefox-esr-q0MF88/firefox-esr-68.10.0esr/ipc/chromium/src/chrome/common/ipc_channel_posix.cc, line 727
[Child 70106, Chrome_ChildThread] WARNING: pipe error: Pipe quebrado: file /build/firefox-esr-q0MF88/firefox-esr-68.10.0esr/ipc/chromium/src/chrome/common/ipc_channel_posix.cc, line 727
1602871468156	Marionette	INFO	Stopped listening on port 46257
JavaScript error: , line 0: uncaught exception: 2147746132
JavaScript error: , line 0: uncaught exception: 2147746132
JavaScript error: , line 0: uncaught exception: 2147746132
JavaScript error: , line 0: uncaught exception: 2147746132
JavaScript error: , line 0: uncaught exception: 2147746132
JavaScript error: , line 0: uncaught exception: 2147746132
JavaScript error: , line 0: uncaught exception: 2147746132
JavaScript error: , line 0: uncaught exception: 2147746132
JavaScript error: , line 0: uncaught exception: 2147746132
JavaScript error: , line 0: uncaught exception: 2147746132
1602871578202	Marionette	INFO	Stopped listening on port 38337
1602871637133	geckodriver	INFO	Listening on 127.0.0.1:50657
1602871637138	mozrunner::runner	INFO	Running command: "/usr/bin/firefox-esr" "--marionette" "-foreground" "-no-remote" "-profile" "/tmp/rust_mozprofile2tenmh"
1602871637852	addons.webextension.screenshots@mozilla.org	WARN	Loading extension 'screenshots@mozilla.org': Reading manifest: Invalid extension permission: mozillaAddons
1602871637852	addons.webextension.screenshots@mozilla.org	WARN	Loading extension 'screenshots@mozilla.org': Reading manifest: Invalid extension permission: telemetry
1602871637852	addons.webextension.screenshots@mozilla.org	WARN	Loading extension 'screenshots@mozilla.org': Reading manifest: Invalid extension permission: resource://pdf.js/
1602871637852	addons.webextension.screenshots@mozilla.org	WARN	Loading extension 'screenshots@mozilla.org': Reading manifest: Invalid extension permission: about:reader*
Sandbox: seccomp sandbox violation: pid 70885, tid 70885, syscall 315, args 70885 140569377561216 56 0 21 140569377561216.
Sandbox: seccomp sandbox violation: pid 70905, tid 70905, syscall 315, args 70905 139870658861696 56 0 21 139870658861696.
JavaScript error: undefined, line 14: Error: An unexpected error occurred
JavaScript error: moz-extension://da6d0034-bef2-462a-bce8-c10c517cd147/lib/picture_in_picture_overrides.js, line 15: Error: Incorrect argument types for pictureInPictureParent.setOverrides.
JavaScript error: resource:///modules/sessionstore/SessionStore.jsm, line 1325: uncaught exception: 2147746065
1602871642454	Marionette	INFO	Listening on port 42949
1602871642556	Marionette	WARN	TLS certificate errors will be ignored for this session
JavaScript error: , line 0: uncaught exception: 2147746132
JavaScript error: , line 0: uncaught exception: 2147746132
JavaScript error: , line 0: uncaught exception: 2147746132
JavaScript error: , line 0: uncaught exception: 2147746132
JavaScript error: , line 0: uncaught exception: 2147746132
JavaScript error: , line 0: uncaught exception: 2147746132
JavaScript error: , line 0: uncaught exception: 2147746132
JavaScript error: , line 0: uncaught exception: 2147746132
JavaScript error: , line 0: uncaught exception: 2147746132
JavaScript error: , line 0: uncaught exception: 2147746132
JavaScript error: , line 0: uncaught exception: 2147746132
JavaScript error: , line 0: uncaught exception: 2147746132
JavaScript error: , line 0: uncaught exception: 2147746132
JavaScript error: , line 0: uncaught exception: 2147746132
JavaScript error: , line 0: uncaught exception: 2147746132
JavaScript error: , line 0: uncaught exception: 2147746132
JavaScript error: , line 0: uncaught exception: 2147746132
JavaScript error: , line 0: uncaught exception: 2147746132
JavaScript error: , line 0: uncaught exception: 2147746132
JavaScript error: , line 0: uncaught exception: 2147746132
1602871810374	Marionette	INFO	Stopped listening on port 42949
1602872002683	geckodriver	INFO	Listening on 127.0.0.1:35091
1602872002700	mozrunner::runner	INFO	Running command: "/usr/bin/firefox-esr" "--marionette" "-foreground" "-no-remote" "-profile" "/tmp/rust_mozprofileYH9KzG"
1602872003430	addons.webextension.screenshots@mozilla.org	WARN	Loading extension 'screenshots@mozilla.org': Reading manifest: Invalid extension permission: mozillaAddons
1602872003430	addons.webextension.screenshots@mozilla.org	WARN	Loading extension 'screenshots@mozilla.org': Reading manifest: Invalid extension permission: telemetry
1602872003430	addons.webextension.screenshots@mozilla.org	WARN	Loading extension 'screenshots@mozilla.org': Reading manifest: Invalid extension permission: resource://pdf.js/
1602872003430	addons.webextension.screenshots@mozilla.org	WARN	Loading extension 'screenshots@mozilla.org': Reading manifest: Invalid extension permission: about:reader*
Sandbox: seccomp sandbox violation: pid 71445, tid 71445, syscall 315, args 71445 140004267448960 56 0 21 140004267448960.
Sandbox: seccomp sandbox violation: pid 71465, tid 71465, syscall 315, args 71465 140047021980288 56 0 21 140047021980288.
JavaScript error: undefined, line 14: Error: An unexpected error occurred
JavaScript error: moz-extension://37a4c40e-b234-440c-b9d9-bc00bb9b5632/lib/picture_in_picture_overrides.js, line 15: Error: Incorrect argument types for pictureInPictureParent.setOverrides.
JavaScript error: resource:///modules/sessionstore/SessionStore.jsm, line 1325: uncaught exception: 2147746065
1602872006538	Marionette	INFO	Listening on port 46265
1602872006615	Marionette	WARN	TLS certificate errors will be ignored for this session
JavaScript error: , line 0: uncaught exception: 2147746132
JavaScript error: , line 0: uncaught exception: 2147746132
1602872070530	geckodriver	INFO	Listening on 127.0.0.1:40111
1602872070535	mozrunner::runner	INFO	Running command: "/usr/bin/firefox-esr" "--marionette" "-foreground" "-no-remote" "-profile" "/tmp/rust_mozprofileK7PYjB"
1602872071254	addons.webextension.screenshots@mozilla.org	WARN	Loading extension 'screenshots@mozilla.org': Reading manifest: Invalid extension permission: mozillaAddons
1602872071254	addons.webextension.screenshots@mozilla.org	WARN	Loading extension 'screenshots@mozilla.org': Reading manifest: Invalid extension permission: telemetry
1602872071254	addons.webextension.screenshots@mozilla.org	WARN	Loading extension 'screenshots@mozilla.org': Reading manifest: Invalid extension permission: resource://pdf.js/
1602872071254	addons.webextension.screenshots@mozilla.org	WARN	Loading extension 'screenshots@mozilla.org': Reading manifest: Invalid extension permission: about:reader*
Sandbox: seccomp sandbox violation: pid 71766, tid 71766, syscall 315, args 71766 140389834082944 56 0 21 140389834082944.
Sandbox: seccomp sandbox violation: pid 71788, tid 71788, syscall 315, args 71788 139957150459584 56 0 35 139957150459584.
JavaScript error: undefined, line 14: Error: An unexpected error occurred
JavaScript error: moz-extension://4a3661e9-98b6-479b-a37b-6b5163a71e30/lib/picture_in_picture_overrides.js, line 15: Error: Incorrect argument types for pictureInPictureParent.setOverrides.
JavaScript error: resource:///modules/sessionstore/SessionStore.jsm, line 1325: uncaught exception: 2147746065
1602872074849	Marionette	INFO	Listening on port 46187
1602872074948	Marionette	WARN	TLS certificate errors will be ignored for this session
JavaScript error: , line 0: uncaught exception: 2147746132
JavaScript error: , line 0: uncaught exception: 2147746132
JavaScript error: , line 0: uncaught exception: 2147746132
JavaScript error: , line 0: uncaught exception: 2147746132
JavaScript error: , line 0: uncaught exception: 2147746132
JavaScript error: , line 0: uncaught exception: 2147746132
JavaScript error: , line 0: uncaught exception: 2147746132
JavaScript error: , line 0: uncaught exception: 2147746132
JavaScript error: , line 0: uncaught exception: 2147746132
JavaScript error: , line 0: uncaught exception: 2147746132
JavaScript error: , line 0: uncaught exception: 2147746132
JavaScript error: , line 0: uncaught exception: 2147746132
JavaScript error: , line 0: uncaught exception: 2147746132
JavaScript error: , line 0: uncaught exception: 2147746132
JavaScript error: , line 0: uncaught exception: 2147746132
JavaScript error: , line 0: uncaught exception: 2147746132
JavaScript error: , line 0: uncaught exception: 2147746132
JavaScript error: , line 0: uncaught exception: 2147746132
JavaScript error: , line 0: uncaught exception: 2147746132
JavaScript error: , line 0: uncaught exception: 2147746132
1602872197658	Marionette	INFO	Stopped listening on port 46187
1602873269669	geckodriver	INFO	Listening on 127.0.0.1:41841
1602873269674	mozrunner::runner	INFO	Running command: "/usr/bin/firefox-esr" "--marionette" "-foreground" "-no-remote" "-profile" "/tmp/rust_mozprofilekVcskd"
1602873270322	addons.webextension.screenshots@mozilla.org	WARN	Loading extension 'screenshots@mozilla.org': Reading manifest: Invalid extension permission: mozillaAddons
1602873270322	addons.webextension.screenshots@mozilla.org	WARN	Loading extension 'screenshots@mozilla.org': Reading manifest: Invalid extension permission: telemetry
1602873270322	addons.webextension.screenshots@mozilla.org	WARN	Loading extension 'screenshots@mozilla.org': Reading manifest: Invalid extension permission: resource://pdf.js/
1602873270322	addons.webextension.screenshots@mozilla.org	WARN	Loading extension 'screenshots@mozilla.org': Reading manifest: Invalid extension permission: about:reader*
Sandbox: seccomp sandbox violation: pid 73585, tid 73585, syscall 315, args 73585 140145037728384 56 0 21 140145037728384.
Sandbox: seccomp sandbox violation: pid 73605, tid 73605, syscall 315, args 73605 139910126213760 56 0 21 139910126213760.
JavaScript error: undefined, line 14: Error: An unexpected error occurred
JavaScript error: moz-extension://cead8b04-5d37-41da-bd97-dbc94f321bdf/lib/picture_in_picture_overrides.js, line 15: Error: Incorrect argument types for pictureInPictureParent.setOverrides.
JavaScript error: resource:///modules/sessionstore/SessionStore.jsm, line 1325: uncaught exception: 2147746065
1602873273265	Marionette	INFO	Listening on port 39059
1602873273289	Marionette	WARN	TLS certificate errors will be ignored for this session
JavaScript error: , line 0: uncaught exception: 2147746132
JavaScript error: , line 0: uncaught exception: 2147746132
JavaScript error: , line 0: uncaught exception: 2147746132
JavaScript error: , line 0: uncaught exception: 2147746132
JavaScript error: , line 0: uncaught exception: 2147746132
JavaScript error: , line 0: uncaught exception: 2147746132
JavaScript error: , line 0: uncaught exception: 2147746132
JavaScript error: , line 0: uncaught exception: 2147746132
JavaScript error: , line 0: uncaught exception: 2147746132
JavaScript error: , line 0: uncaught exception: 2147746132
JavaScript error: , line 0: uncaught exception: 2147746132
JavaScript error: , line 0: uncaught exception: 2147746132
JavaScript error: , line 0: uncaught exception: 2147746132
JavaScript error: , line 0: uncaught exception: 2147746132
JavaScript error: , line 0: uncaught exception: 2147746132
JavaScript error: , line 0: uncaught exception: 2147746132
JavaScript error: , line 0: uncaught exception: 2147746132
JavaScript error: , line 0: uncaught exception: 2147746132
JavaScript error: , line 0: uncaught exception: 2147746132
JavaScript error: , line 0: uncaught exception: 2147746132
1602873442838	Marionette	INFO	Stopped listening on port 39059
1602876333975	geckodriver	INFO	Listening on 127.0.0.1:43623
1602876333981	mozrunner::runner	INFO	Running command: "/usr/bin/firefox-esr" "--marionette" "-foreground" "-no-remote" "-profile" "/tmp/rust_mozprofileoFuAed"
1602876334900	addons.webextension.screenshots@mozilla.org	WARN	Loading extension 'screenshots@mozilla.org': Reading manifest: Invalid extension permission: mozillaAddons
1602876334900	addons.webextension.screenshots@mozilla.org	WARN	Loading extension 'screenshots@mozilla.org': Reading manifest: Invalid extension permission: telemetry
1602876334900	addons.webextension.screenshots@mozilla.org	WARN	Loading extension 'screenshots@mozilla.org': Reading manifest: Invalid extension permission: resource://pdf.js/
1602876334901	addons.webextension.screenshots@mozilla.org	WARN	Loading extension 'screenshots@mozilla.org': Reading manifest: Invalid extension permission: about:reader*
Sandbox: seccomp sandbox violation: pid 75200, tid 75200, syscall 315, args 75200 139704810920576 56 0 21 139704810920576.
Sandbox: seccomp sandbox violation: pid 75222, tid 75222, syscall 315, args 75222 140220576008832 56 0 21 140220576008832.
JavaScript error: undefined, line 14: Error: An unexpected error occurred
JavaScript error: moz-extension://7d8a59f9-7d34-4756-a5d7-0d39bcec8d61/lib/picture_in_picture_overrides.js, line 15: Error: Incorrect argument types for pictureInPictureParent.setOverrides.
JavaScript error: resource:///modules/sessionstore/SessionStore.jsm, line 1325: uncaught exception: 2147746065
1602876338036	Marionette	INFO	Listening on port 43319
1602876338093	Marionette	WARN	TLS certificate errors will be ignored for this session
JavaScript error: , line 0: uncaught exception: 2147746132
JavaScript error: , line 0: uncaught exception: 2147746132
JavaScript error: , line 0: uncaught exception: 2147746132
JavaScript error: , line 0: uncaught exception: 2147746132
JavaScript error: , line 0: uncaught exception: 2147746132
JavaScript error: , line 0: uncaught exception: 2147746132
JavaScript error: , line 0: uncaught exception: 2147746132
JavaScript error: , line 0: uncaught exception: 2147746132
JavaScript error: , line 0: uncaught exception: 2147746132
JavaScript error: , line 0: uncaught exception: 2147746132
JavaScript error: , line 0: uncaught exception: 2147746132
JavaScript error: , line 0: uncaught exception: 2147746132
JavaScript error: , line 0: uncaught exception: 2147746132
JavaScript error: , line 0: uncaught exception: 2147746132
JavaScript error: , line 0: uncaught exception: 2147746132
JavaScript error: , line 0: uncaught exception: 2147746132
JavaScript error: , line 0: uncaught exception: 2147746132
JavaScript error: , line 0: uncaught exception: 2147746132
JavaScript error: , line 0: uncaught exception: 2147746132
JavaScript error: , line 0: uncaught exception: 2147746132
1602876431106	Marionette	INFO	Stopped listening on port 43319
1602876552087	geckodriver	INFO	Listening on 127.0.0.1:43729
1602876552093	mozrunner::runner	INFO	Running command: "/usr/bin/firefox-esr" "--marionette" "-foreground" "-no-remote" "-profile" "/tmp/rust_mozprofilevEpyLT"
1602876552795	addons.webextension.screenshots@mozilla.org	WARN	Loading extension 'screenshots@mozilla.org': Reading manifest: Invalid extension permission: mozillaAddons
1602876552795	addons.webextension.screenshots@mozilla.org	WARN	Loading extension 'screenshots@mozilla.org': Reading manifest: Invalid extension permission: telemetry
1602876552795	addons.webextension.screenshots@mozilla.org	WARN	Loading extension 'screenshots@mozilla.org': Reading manifest: Invalid extension permission: resource://pdf.js/
1602876552795	addons.webextension.screenshots@mozilla.org	WARN	Loading extension 'screenshots@mozilla.org': Reading manifest: Invalid extension permission: about:reader*
Sandbox: seccomp sandbox violation: pid 75615, tid 75615, syscall 315, args 75615 139764969818752 56 0 21 139764969818752.
Sandbox: seccomp sandbox violation: pid 75635, tid 75635, syscall 315, args 75635 140549675784832 56 0 21 140549675784832.
JavaScript error: undefined, line 14: Error: An unexpected error occurred
JavaScript error: moz-extension://e50ee96a-8990-4d01-a553-545b1e9e4722/lib/picture_in_picture_overrides.js, line 15: Error: Incorrect argument types for pictureInPictureParent.setOverrides.
JavaScript error: resource:///modules/sessionstore/SessionStore.jsm, line 1325: uncaught exception: 2147746065
1602876555902	Marionette	INFO	Listening on port 45741
1602876555906	Marionette	WARN	TLS certificate errors will be ignored for this session
JavaScript error: , line 0: uncaught exception: 2147746132
JavaScript error: , line 0: uncaught exception: 2147746132
JavaScript error: , line 0: uncaught exception: 2147746132
JavaScript error: , line 0: uncaught exception: 2147746132
JavaScript error: , line 0: uncaught exception: 2147746132
JavaScript error: , line 0: uncaught exception: 2147746132
JavaScript error: , line 0: uncaught exception: 2147746132
JavaScript error: , line 0: uncaught exception: 2147746132
JavaScript error: , line 0: uncaught exception: 2147746132
JavaScript error: , line 0: uncaught exception: 2147746132
JavaScript error: , line 0: uncaught exception: 2147746132
JavaScript error: , line 0: uncaught exception: 2147746132
JavaScript error: , line 0: uncaught exception: 2147746132
JavaScript error: , line 0: uncaught exception: 2147746132
JavaScript error: , line 0: uncaught exception: 2147746132
JavaScript error: , line 0: uncaught exception: 2147746132
JavaScript error: , line 0: uncaught exception: 2147746132
JavaScript error: , line 0: uncaught exception: 2147746132
JavaScript error: , line 0: uncaught exception: 2147746132
JavaScript error: , line 0: uncaught exception: 2147746132
1602876617808	Marionette	INFO	Stopped listening on port 45741
1602929401874	geckodriver	INFO	Listening on 127.0.0.1:48155
1602929402822	mozrunner::runner	INFO	Running command: "/usr/bin/firefox-esr" "--marionette" "-foreground" "-no-remote" "-profile" "/tmp/rust_mozprofileEdIx3r"
1602929404089	addons.webextension.screenshots@mozilla.org	WARN	Loading extension 'screenshots@mozilla.org': Reading manifest: Invalid extension permission: mozillaAddons
1602929404089	addons.webextension.screenshots@mozilla.org	WARN	Loading extension 'screenshots@mozilla.org': Reading manifest: Invalid extension permission: telemetry
1602929404089	addons.webextension.screenshots@mozilla.org	WARN	Loading extension 'screenshots@mozilla.org': Reading manifest: Invalid extension permission: resource://pdf.js/
1602929404089	addons.webextension.screenshots@mozilla.org	WARN	Loading extension 'screenshots@mozilla.org': Reading manifest: Invalid extension permission: about:reader*
Sandbox: seccomp sandbox violation: pid 4035, tid 4035, syscall 315, args 4035 140619495185024 56 0 21 140619495185024.
JavaScript error: undefined, line 14: Error: An unexpected error occurred
JavaScript error: moz-extension://176bf656-4e11-4843-a20f-51ba31adfcd0/lib/picture_in_picture_overrides.js, line 15: Error: Incorrect argument types for pictureInPictureParent.setOverrides.
Sandbox: seccomp sandbox violation: pid 4063, tid 4063, syscall 315, args 4063 140623044639360 56 0 21 140623044639360.
JavaScript error: resource:///modules/sessionstore/SessionStore.jsm, line 1325: uncaught exception: 2147746065
1602929408660	Marionette	INFO	Listening on port 35435
1602929408740	Marionette	WARN	TLS certificate errors will be ignored for this session
JavaScript error: , line 0: uncaught exception: 2147746132
JavaScript error: , line 0: uncaught exception: 2147746132
JavaScript error: , line 0: uncaught exception: 2147746132
JavaScript error: , line 0: uncaught exception: 2147746132
JavaScript error: , line 0: uncaught exception: 2147746132
JavaScript error: , line 0: uncaught exception: 2147746132
JavaScript error: , line 0: uncaught exception: 2147746132
JavaScript error: , line 0: uncaught exception: 2147746132

###!!! [Child][RunMessage] Error: Channel closing: too late to send/recv, messages will be lost


###!!! [Child][RunMessage] Error: Channel closing: too late to send/recv, messages will be lost


###!!! [Child][RunMessage] Error: Channel closing: too late to send/recv, messages will be lost


###!!! [Child][RunMessage] Error: Channel closing: too late to send/recv, messages will be lost

Exiting due to channel error.
1602929613228	geckodriver	INFO	Listening on 127.0.0.1:37767
1602929613235	mozrunner::runner	INFO	Running command: "/usr/bin/firefox-esr" "--marionette" "-foreground" "-no-remote" "-profile" "/tmp/rust_mozprofileIuxxyF"
1602929613860	addons.webextension.screenshots@mozilla.org	WARN	Loading extension 'screenshots@mozilla.org': Reading manifest: Invalid extension permission: mozillaAddons
1602929613860	addons.webextension.screenshots@mozilla.org	WARN	Loading extension 'screenshots@mozilla.org': Reading manifest: Invalid extension permission: telemetry
1602929613860	addons.webextension.screenshots@mozilla.org	WARN	Loading extension 'screenshots@mozilla.org': Reading manifest: Invalid extension permission: resource://pdf.js/
1602929613860	addons.webextension.screenshots@mozilla.org	WARN	Loading extension 'screenshots@mozilla.org': Reading manifest: Invalid extension permission: about:reader*
Sandbox: seccomp sandbox violation: pid 4629, tid 4629, syscall 315, args 4629 139791620917056 56 0 34 139791620917056.
Sandbox: seccomp sandbox violation: pid 4652, tid 4652, syscall 315, args 4652 139908102437504 56 0 21 139908102437504.
JavaScript error: undefined, line 14: Error: An unexpected error occurred
JavaScript error: moz-extension://069acb24-8286-43c1-a165-d854a246aecb/lib/picture_in_picture_overrides.js, line 15: Error: Incorrect argument types for pictureInPictureParent.setOverrides.
JavaScript error: resource:///modules/sessionstore/SessionStore.jsm, line 1325: uncaught exception: 2147746065
1602929616608	Marionette	INFO	Listening on port 42843
1602929616645	Marionette	WARN	TLS certificate errors will be ignored for this session
JavaScript error: , line 0: uncaught exception: 2147746132
JavaScript error: , line 0: uncaught exception: 2147746132
JavaScript error: , line 0: uncaught exception: 2147746132
JavaScript error: , line 0: uncaught exception: 2147746132
Exiting due to channel error.
1602931005520	geckodriver	INFO	Listening on 127.0.0.1:53625
1602931005536	mozrunner::runner	INFO	Running command: "/usr/bin/firefox-esr" "--marionette" "-foreground" "-no-remote" "-profile" "/tmp/rust_mozprofileoYVWq2"
1602931006269	addons.webextension.screenshots@mozilla.org	WARN	Loading extension 'screenshots@mozilla.org': Reading manifest: Invalid extension permission: mozillaAddons
1602931006269	addons.webextension.screenshots@mozilla.org	WARN	Loading extension 'screenshots@mozilla.org': Reading manifest: Invalid extension permission: telemetry
1602931006269	addons.webextension.screenshots@mozilla.org	WARN	Loading extension 'screenshots@mozilla.org': Reading manifest: Invalid extension permission: resource://pdf.js/
1602931006269	addons.webextension.screenshots@mozilla.org	WARN	Loading extension 'screenshots@mozilla.org': Reading manifest: Invalid extension permission: about:reader*
Sandbox: seccomp sandbox violation: pid 5660, tid 5660, syscall 315, args 5660 140596451231552 56 0 34 140596451231552.
Sandbox: seccomp sandbox violation: pid 5682, tid 5682, syscall 315, args 5682 140071549254272 56 0 21 140071549254272.
JavaScript error: undefined, line 14: Error: An unexpected error occurred
JavaScript error: moz-extension://7a57b926-3533-491a-a7e2-492a648caf26/lib/picture_in_picture_overrides.js, line 15: Error: Incorrect argument types for pictureInPictureParent.setOverrides.
JavaScript error: resource:///modules/sessionstore/SessionStore.jsm, line 1325: uncaught exception: 2147746065
1602931009428	Marionette	INFO	Listening on port 39083
1602931009450	Marionette	WARN	TLS certificate errors will be ignored for this session
JavaScript error: , line 0: uncaught exception: 2147746132
JavaScript error: , line 0: uncaught exception: 2147746132
JavaScript error: , line 0: uncaught exception: 2147746132
JavaScript error: , line 0: uncaught exception: 2147746132
JavaScript error: , line 0: uncaught exception: 2147746132
JavaScript error: , line 0: uncaught exception: 2147746132
JavaScript error: , line 0: uncaught exception: 2147746132
JavaScript error: , line 0: uncaught exception: 2147746132
JavaScript error: , line 0: uncaught exception: 2147746132
JavaScript error: , line 0: uncaught exception: 2147746132
JavaScript error: , line 0: uncaught exception: 2147746132
JavaScript error: , line 0: uncaught exception: 2147746132
JavaScript error: , line 0: uncaught exception: 2147746132
JavaScript error: , line 0: uncaught exception: 2147746132
JavaScript error: , line 0: uncaught exception: 2147746132
JavaScript error: , line 0: uncaught exception: 2147746132
JavaScript error: , line 0: uncaught exception: 2147746132
JavaScript error: , line 0: uncaught exception: 2147746132
JavaScript error: , line 0: uncaught exception: 2147746132
JavaScript error: , line 0: uncaught exception: 2147746132
1602931084729	Marionette	INFO	Stopped listening on port 39083
1602931309513	geckodriver	INFO	Listening on 127.0.0.1:38705
1602931309560	mozrunner::runner	INFO	Running command: "/usr/bin/firefox-esr" "--marionette" "-foreground" "-no-remote" "-profile" "/tmp/rust_mozprofileB3UPub"
1602931310315	addons.webextension.screenshots@mozilla.org	WARN	Loading extension 'screenshots@mozilla.org': Reading manifest: Invalid extension permission: mozillaAddons
1602931310315	addons.webextension.screenshots@mozilla.org	WARN	Loading extension 'screenshots@mozilla.org': Reading manifest: Invalid extension permission: telemetry
1602931310315	addons.webextension.screenshots@mozilla.org	WARN	Loading extension 'screenshots@mozilla.org': Reading manifest: Invalid extension permission: resource://pdf.js/
1602931310315	addons.webextension.screenshots@mozilla.org	WARN	Loading extension 'screenshots@mozilla.org': Reading manifest: Invalid extension permission: about:reader*
Sandbox: seccomp sandbox violation: pid 6190, tid 6190, syscall 315, args 6190 140626848963200 56 0 21 140626848963200.
Sandbox: seccomp sandbox violation: pid 6210, tid 6210, syscall 315, args 6210 140329805126272 56 0 21 140329805126272.
JavaScript error: undefined, line 14: Error: An unexpected error occurred
JavaScript error: moz-extension://36f640eb-86e7-4ab0-98bf-9a6090bc740a/lib/picture_in_picture_overrides.js, line 15: Error: Incorrect argument types for pictureInPictureParent.setOverrides.
JavaScript error: resource:///modules/sessionstore/SessionStore.jsm, line 1325: uncaught exception: 2147746065
1602931313394	Marionette	INFO	Listening on port 35489
1602931313475	Marionette	WARN	TLS certificate errors will be ignored for this session
JavaScript error: , line 0: uncaught exception: 2147746132
JavaScript error: , line 0: uncaught exception: 2147746132
JavaScript error: , line 0: uncaught exception: 2147746132
JavaScript error: , line 0: uncaught exception: 2147746132
JavaScript error: , line 0: uncaught exception: 2147746132
JavaScript error: , line 0: uncaught exception: 2147746132
JavaScript error: , line 0: uncaught exception: 2147746132
JavaScript error: , line 0: uncaught exception: 2147746132
JavaScript error: , line 0: uncaught exception: 2147746132
JavaScript error: , line 0: uncaught exception: 2147746132
JavaScript error: , line 0: uncaught exception: 2147746132
JavaScript error: , line 0: uncaught exception: 2147746132
JavaScript error: , line 0: uncaught exception: 2147746132
JavaScript error: , line 0: uncaught exception: 2147746132
JavaScript error: , line 0: uncaught exception: 2147746132
JavaScript error: , line 0: uncaught exception: 2147746132
JavaScript error: , line 0: uncaught exception: 2147746132
JavaScript error: , line 0: uncaught exception: 2147746132
JavaScript error: , line 0: uncaught exception: 2147746132
JavaScript error: , line 0: uncaught exception: 2147746132
1602931381467	Marionette	INFO	Stopped listening on port 35489
1602932185961	geckodriver	INFO	Listening on 127.0.0.1:57053
1602932185984	mozrunner::runner	INFO	Running command: "/usr/bin/firefox-esr" "--marionette" "-foreground" "-no-remote" "-profile" "/tmp/rust_mozprofileQYGP1T"
1602932186739	addons.webextension.screenshots@mozilla.org	WARN	Loading extension 'screenshots@mozilla.org': Reading manifest: Invalid extension permission: mozillaAddons
1602932186739	addons.webextension.screenshots@mozilla.org	WARN	Loading extension 'screenshots@mozilla.org': Reading manifest: Invalid extension permission: telemetry
1602932186739	addons.webextension.screenshots@mozilla.org	WARN	Loading extension 'screenshots@mozilla.org': Reading manifest: Invalid extension permission: resource://pdf.js/
1602932186739	addons.webextension.screenshots@mozilla.org	WARN	Loading extension 'screenshots@mozilla.org': Reading manifest: Invalid extension permission: about:reader*
Sandbox: seccomp sandbox violation: pid 6838, tid 6838, syscall 315, args 6838 140013443533440 56 0 21 140013443533440.
Sandbox: seccomp sandbox violation: pid 6860, tid 6860, syscall 315, args 6860 139844568996480 56 0 21 139844568996480.
JavaScript error: undefined, line 14: Error: An unexpected error occurred
JavaScript error: moz-extension://937a0f46-5552-4b49-80ed-679971a04e12/lib/picture_in_picture_overrides.js, line 15: Error: Incorrect argument types for pictureInPictureParent.setOverrides.
JavaScript error: resource:///modules/sessionstore/SessionStore.jsm, line 1325: uncaught exception: 2147746065
1602932189713	Marionette	INFO	Listening on port 46359
1602932189811	Marionette	WARN	TLS certificate errors will be ignored for this session
JavaScript error: , line 0: uncaught exception: 2147746132
JavaScript error: , line 0: uncaught exception: 2147746132
JavaScript error: , line 0: uncaught exception: 2147746132
JavaScript error: , line 0: uncaught exception: 2147746132
JavaScript error: , line 0: uncaught exception: 2147746132
JavaScript error: , line 0: uncaught exception: 2147746132
JavaScript error: , line 0: uncaught exception: 2147746132
JavaScript error: , line 0: uncaught exception: 2147746132
JavaScript error: , line 0: uncaught exception: 2147746132
JavaScript error: , line 0: uncaught exception: 2147746132
JavaScript error: , line 0: uncaught exception: 2147746132
JavaScript error: , line 0: uncaught exception: 2147746132
JavaScript error: , line 0: uncaught exception: 2147746132
JavaScript error: , line 0: uncaught exception: 2147746132
JavaScript error: , line 0: uncaught exception: 2147746132
JavaScript error: , line 0: uncaught exception: 2147746132
JavaScript error: , line 0: uncaught exception: 2147746132
JavaScript error: , line 0: uncaught exception: 2147746132
JavaScript error: , line 0: uncaught exception: 2147746132
JavaScript error: , line 0: uncaught exception: 2147746132
JavaScript error: , line 0: uncaught exception: 2147746132
JavaScript error: , line 0: uncaught exception: 2147746132
JavaScript error: , line 0: uncaught exception: 2147746132
JavaScript error: , line 0: uncaught exception: 2147746132
JavaScript error: , line 0: uncaught exception: 2147746132
JavaScript error: , line 0: uncaught exception: 2147746132
JavaScript error: , line 0: uncaught exception: 2147746132
JavaScript error: , line 0: uncaught exception: 2147746132
IPDL protocol error: Handler returned error code!

###!!! [Parent][DispatchAsyncMessage] Error: PLayerTransaction::Msg_ReleaseLayer Processing error: message was deserialized, but the handler returned false (indicating failure)

IPDL protocol error: Handler returned error code!

###!!! [Parent][DispatchAsyncMessage] Error: PLayerTransaction::Msg_ReleaseLayer Processing error: message was deserialized, but the handler returned false (indicating failure)

IPDL protocol error: Handler returned error code!

###!!! [Parent][DispatchAsyncMessage] Error: PLayerTransaction::Msg_ReleaseLayer Processing error: message was deserialized, but the handler returned false (indicating failure)

IPDL protocol error: Handler returned error code!

###!!! [Parent][DispatchAsyncMessage] Error: PLayerTransaction::Msg_ReleaseLayer Processing error: message was deserialized, but the handler returned false (indicating failure)

IPDL protocol error: Handler returned error code!

###!!! [Parent][DispatchAsyncMessage] Error: PLayerTransaction::Msg_ReleaseLayer Processing error: message was deserialized, but the handler returned false (indicating failure)

IPDL protocol error: Handler returned error code!

###!!! [Parent][DispatchAsyncMessage] Error: PLayerTransaction::Msg_ReleaseLayer Processing error: message was deserialized, but the handler returned false (indicating failure)

IPDL protocol error: Handler returned error code!

###!!! [Parent][DispatchAsyncMessage] Error: PLayerTransaction::Msg_ReleaseLayer Processing error: message was deserialized, but the handler returned false (indicating failure)

IPDL protocol error: Handler returned error code!

###!!! [Parent][DispatchAsyncMessage] Error: PLayerTransaction::Msg_ReleaseLayer Processing error: message was deserialized, but the handler returned false (indicating failure)

IPDL protocol error: Handler returned error code!

###!!! [Parent][DispatchAsyncMessage] Error: PLayerTransaction::Msg_ReleaseLayer Processing error: message was deserialized, but the handler returned false (indicating failure)

IPDL protocol error: Handler returned error code!

###!!! [Parent][DispatchAsyncMessage] Error: PLayerTransaction::Msg_ReleaseLayer Processing error: message was deserialized, but the handler returned false (indicating failure)

IPDL protocol error: Handler returned error code!

###!!! [Parent][DispatchAsyncMessage] Error: PLayerTransaction::Msg_ReleaseLayer Processing error: message was deserialized, but the handler returned false (indicating failure)

IPDL protocol error: Handler returned error code!

###!!! [Parent][DispatchAsyncMessage] Error: PLayerTransaction::Msg_ReleaseLayer Processing error: message was deserialized, but the handler returned false (indicating failure)

IPDL protocol error: Handler returned error code!

###!!! [Parent][DispatchAsyncMessage] Error: PLayerTransaction::Msg_ReleaseLayer Processing error: message was deserialized, but the handler returned false (indicating failure)

IPDL protocol error: Handler returned error code!

###!!! [Parent][DispatchAsyncMessage] Error: PLayerTransaction::Msg_ReleaseLayer Processing error: message was deserialized, but the handler returned false (indicating failure)

IPDL protocol error: Handler returned error code!

###!!! [Parent][DispatchAsyncMessage] Error: PLayerTransaction::Msg_ReleaseLayer Processing error: message was deserialized, but the handler returned false (indicating failure)

IPDL protocol error: Handler returned error code!

###!!! [Parent][DispatchAsyncMessage] Error: PLayerTransaction::Msg_ReleaseLayer Processing error: message was deserialized, but the handler returned false (indicating failure)

IPDL protocol error: Handler returned error code!

###!!! [Parent][DispatchAsyncMessage] Error: PLayerTransaction::Msg_ReleaseLayer Processing error: message was deserialized, but the handler returned false (indicating failure)

IPDL protocol error: Handler returned error code!

###!!! [Parent][DispatchAsyncMessage] Error: PLayerTransaction::Msg_ReleaseLayer Processing error: message was deserialized, but the handler returned false (indicating failure)

IPDL protocol error: Handler returned error code!

###!!! [Parent][DispatchAsyncMessage] Error: PLayerTransaction::Msg_ReleaseLayer Processing error: message was deserialized, but the handler returned false (indicating failure)

IPDL protocol error: Handler returned error code!

###!!! [Parent][DispatchAsyncMessage] Error: PLayerTransaction::Msg_ReleaseLayer Processing error: message was deserialized, but the handler returned false (indicating failure)

IPDL protocol error: Handler returned error code!

###!!! [Parent][DispatchAsyncMessage] Error: PLayerTransaction::Msg_ReleaseLayer Processing error: message was deserialized, but the handler returned false (indicating failure)

IPDL protocol error: Handler returned error code!

###!!! [Parent][DispatchAsyncMessage] Error: PLayerTransaction::Msg_ReleaseLayer Processing error: message was deserialized, but the handler returned false (indicating failure)

IPDL protocol error: Handler returned error code!

###!!! [Parent][DispatchAsyncMessage] Error: PLayerTransaction::Msg_ReleaseLayer Processing error: message was deserialized, but the handler returned false (indicating failure)

IPDL protocol error: Handler returned error code!

###!!! [Parent][DispatchAsyncMessage] Error: PLayerTransaction::Msg_ReleaseLayer Processing error: message was deserialized, but the handler returned false (indicating failure)

IPDL protocol error: Handler returned error code!

###!!! [Parent][DispatchAsyncMessage] Error: PLayerTransaction::Msg_ReleaseLayer Processing error: message was deserialized, but the handler returned false (indicating failure)

IPDL protocol error: Handler returned error code!

###!!! [Parent][DispatchAsyncMessage] Error: PLayerTransaction::Msg_ReleaseLayer Processing error: message was deserialized, but the handler returned false (indicating failure)

IPDL protocol error: Handler returned error code!

###!!! [Parent][DispatchAsyncMessage] Error: PLayerTransaction::Msg_ReleaseLayer Processing error: message was deserialized, but the handler returned false (indicating failure)

IPDL protocol error: Handler returned error code!

###!!! [Parent][DispatchAsyncMessage] Error: PLayerTransaction::Msg_ReleaseLayer Processing error: message was deserialized, but the handler returned false (indicating failure)

IPDL protocol error: Handler returned error code!

###!!! [Parent][DispatchAsyncMessage] Error: PLayerTransaction::Msg_ReleaseLayer Processing error: message was deserialized, but the handler returned false (indicating failure)

IPDL protocol error: Handler returned error code!

###!!! [Parent][DispatchAsyncMessage] Error: PLayerTransaction::Msg_ReleaseLayer Processing error: message was deserialized, but the handler returned false (indicating failure)

IPDL protocol error: Handler returned error code!

###!!! [Parent][DispatchAsyncMessage] Error: PLayerTransaction::Msg_ReleaseLayer Processing error: message was deserialized, but the handler returned false (indicating failure)

IPDL protocol error: Handler returned error code!

###!!! [Parent][DispatchAsyncMessage] Error: PLayerTransaction::Msg_ReleaseLayer Processing error: message was deserialized, but the handler returned false (indicating failure)

IPDL protocol error: Handler returned error code!

###!!! [Parent][DispatchAsyncMessage] Error: PLayerTransaction::Msg_ReleaseLayer Processing error: message was deserialized, but the handler returned false (indicating failure)

IPDL protocol error: Handler returned error code!

###!!! [Parent][DispatchAsyncMessage] Error: PLayerTransaction::Msg_ReleaseLayer Processing error: message was deserialized, but the handler returned false (indicating failure)

IPDL protocol error: Handler returned error code!

###!!! [Parent][DispatchAsyncMessage] Error: PLayerTransaction::Msg_ReleaseLayer Processing error: message was deserialized, but the handler returned false (indicating failure)

IPDL protocol error: Handler returned error code!

###!!! [Parent][DispatchAsyncMessage] Error: PLayerTransaction::Msg_ReleaseLayer Processing error: message was deserialized, but the handler returned false (indicating failure)

IPDL protocol error: Handler returned error code!

###!!! [Parent][DispatchAsyncMessage] Error: PLayerTransaction::Msg_ReleaseLayer Processing error: message was deserialized, but the handler returned false (indicating failure)

IPDL protocol error: Handler returned error code!

###!!! [Parent][DispatchAsyncMessage] Error: PLayerTransaction::Msg_ReleaseLayer Processing error: message was deserialized, but the handler returned false (indicating failure)

IPDL protocol error: Handler returned error code!

###!!! [Parent][DispatchAsyncMessage] Error: PLayerTransaction::Msg_ReleaseLayer Processing error: message was deserialized, but the handler returned false (indicating failure)

IPDL protocol error: Handler returned error code!

###!!! [Parent][DispatchAsyncMessage] Error: PLayerTransaction::Msg_ReleaseLayer Processing error: message was deserialized, but the handler returned false (indicating failure)

IPDL protocol error: Handler returned error code!

###!!! [Parent][DispatchAsyncMessage] Error: PLayerTransaction::Msg_ReleaseLayer Processing error: message was deserialized, but the handler returned false (indicating failure)

IPDL protocol error: Handler returned error code!

###!!! [Parent][DispatchAsyncMessage] Error: PLayerTransaction::Msg_ReleaseLayer Processing error: message was deserialized, but the handler returned false (indicating failure)

IPDL protocol error: Handler returned error code!

###!!! [Parent][DispatchAsyncMessage] Error: PLayerTransaction::Msg_ReleaseLayer Processing error: message was deserialized, but the handler returned false (indicating failure)

IPDL protocol error: Handler returned error code!

###!!! [Parent][DispatchAsyncMessage] Error: PLayerTransaction::Msg_ReleaseLayer Processing error: message was deserialized, but the handler returned false (indicating failure)

IPDL protocol error: Handler returned error code!

###!!! [Parent][DispatchAsyncMessage] Error: PLayerTransaction::Msg_ReleaseLayer Processing error: message was deserialized, but the handler returned false (indicating failure)

IPDL protocol error: Handler returned error code!

###!!! [Parent][DispatchAsyncMessage] Error: PLayerTransaction::Msg_ReleaseLayer Processing error: message was deserialized, but the handler returned false (indicating failure)

IPDL protocol error: Handler returned error code!

###!!! [Parent][DispatchAsyncMessage] Error: PLayerTransaction::Msg_ReleaseLayer Processing error: message was deserialized, but the handler returned false (indicating failure)

IPDL protocol error: Handler returned error code!

###!!! [Parent][DispatchAsyncMessage] Error: PLayerTransaction::Msg_ReleaseLayer Processing error: message was deserialized, but the handler returned false (indicating failure)

IPDL protocol error: Handler returned error code!

###!!! [Parent][DispatchAsyncMessage] Error: PLayerTransaction::Msg_ReleaseLayer Processing error: message was deserialized, but the handler returned false (indicating failure)

IPDL protocol error: Handler returned error code!

###!!! [Parent][DispatchAsyncMessage] Error: PLayerTransaction::Msg_ReleaseLayer Processing error: message was deserialized, but the handler returned false (indicating failure)

IPDL protocol error: Handler returned error code!

###!!! [Parent][DispatchAsyncMessage] Error: PLayerTransaction::Msg_ReleaseLayer Processing error: message was deserialized, but the handler returned false (indicating failure)

IPDL protocol error: Handler returned error code!

###!!! [Parent][DispatchAsyncMessage] Error: PLayerTransaction::Msg_ReleaseLayer Processing error: message was deserialized, but the handler returned false (indicating failure)

IPDL protocol error: Handler returned error code!

###!!! [Parent][DispatchAsyncMessage] Error: PLayerTransaction::Msg_ReleaseLayer Processing error: message was deserialized, but the handler returned false (indicating failure)

IPDL protocol error: Handler returned error code!

###!!! [Parent][DispatchAsyncMessage] Error: PLayerTransaction::Msg_ReleaseLayer Processing error: message was deserialized, but the handler returned false (indicating failure)

JavaScript error: https://cdn.ncbi.nlm.nih.gov/pubmed/a3c5b0f3-b134-4799-b273-2868c79e8dcb/CACHE/js/output.2ddee2b17ceb.js, line 1: NS_ERROR_NOT_INITIALIZED: 
Exiting due to channel error.
1602932689044	geckodriver	INFO	Listening on 127.0.0.1:56313
1602932689092	mozrunner::runner	INFO	Running command: "/usr/bin/firefox-esr" "--marionette" "-foreground" "-no-remote" "-profile" "/tmp/rust_mozprofileQYJbEp"
1602932689844	addons.webextension.screenshots@mozilla.org	WARN	Loading extension 'screenshots@mozilla.org': Reading manifest: Invalid extension permission: mozillaAddons
1602932689844	addons.webextension.screenshots@mozilla.org	WARN	Loading extension 'screenshots@mozilla.org': Reading manifest: Invalid extension permission: telemetry
1602932689844	addons.webextension.screenshots@mozilla.org	WARN	Loading extension 'screenshots@mozilla.org': Reading manifest: Invalid extension permission: resource://pdf.js/
1602932689844	addons.webextension.screenshots@mozilla.org	WARN	Loading extension 'screenshots@mozilla.org': Reading manifest: Invalid extension permission: about:reader*
Sandbox: seccomp sandbox violation: pid 7339, tid 7339, syscall 315, args 7339 140701297859200 56 0 21 140701297859200.
Sandbox: seccomp sandbox violation: pid 7363, tid 7363, syscall 315, args 7363 139631508953344 56 0 27 139631508953344.
JavaScript error: undefined, line 14: Error: An unexpected error occurred
JavaScript error: moz-extension://8ca4fb5a-8f13-48c3-bd95-602ab32df468/lib/picture_in_picture_overrides.js, line 15: Error: Incorrect argument types for pictureInPictureParent.setOverrides.
JavaScript error: resource:///modules/sessionstore/SessionStore.jsm, line 1325: uncaught exception: 2147746065
1602932692968	Marionette	INFO	Listening on port 45607
1602932693004	Marionette	WARN	TLS certificate errors will be ignored for this session
JavaScript error: , line 0: uncaught exception: 2147746132
JavaScript error: , line 0: uncaught exception: 2147746132
1602932714089	Marionette	INFO	Stopped listening on port 45607
1602932797056	geckodriver	INFO	Listening on 127.0.0.1:57179
1602932797064	mozrunner::runner	INFO	Running command: "/usr/bin/firefox-esr" "--marionette" "-foreground" "-no-remote" "-profile" "/tmp/rust_mozprofilehW0noV"
1602932797799	addons.webextension.screenshots@mozilla.org	WARN	Loading extension 'screenshots@mozilla.org': Reading manifest: Invalid extension permission: mozillaAddons
1602932797800	addons.webextension.screenshots@mozilla.org	WARN	Loading extension 'screenshots@mozilla.org': Reading manifest: Invalid extension permission: telemetry
1602932797800	addons.webextension.screenshots@mozilla.org	WARN	Loading extension 'screenshots@mozilla.org': Reading manifest: Invalid extension permission: resource://pdf.js/
1602932797800	addons.webextension.screenshots@mozilla.org	WARN	Loading extension 'screenshots@mozilla.org': Reading manifest: Invalid extension permission: about:reader*
Sandbox: seccomp sandbox violation: pid 7705, tid 7705, syscall 315, args 7705 140468860017280 56 0 21 140468860017280.
Sandbox: seccomp sandbox violation: pid 7727, tid 7727, syscall 315, args 7727 140202496469312 56 0 26 140202496469312.
JavaScript error: undefined, line 14: Error: An unexpected error occurred
JavaScript error: moz-extension://0c9e2fd0-41a5-4876-88e1-3c669f3bd99c/lib/picture_in_picture_overrides.js, line 15: Error: Incorrect argument types for pictureInPictureParent.setOverrides.
JavaScript error: resource:///modules/sessionstore/SessionStore.jsm, line 1325: uncaught exception: 2147746065
1602932800977	Marionette	INFO	Listening on port 37397
1602932801078	Marionette	WARN	TLS certificate errors will be ignored for this session
JavaScript error: , line 0: uncaught exception: 2147746132
JavaScript error: , line 0: uncaught exception: 2147746132
JavaScript error: , line 0: uncaught exception: 2147746132
JavaScript error: , line 0: uncaught exception: 2147746132
JavaScript error: , line 0: uncaught exception: 2147746132
JavaScript error: , line 0: uncaught exception: 2147746132
JavaScript error: , line 0: uncaught exception: 2147746132
JavaScript error: , line 0: uncaught exception: 2147746132
JavaScript error: , line 0: uncaught exception: 2147746132
JavaScript error: , line 0: uncaught exception: 2147746132
JavaScript error: , line 0: uncaught exception: 2147746132
JavaScript error: , line 0: uncaught exception: 2147746132
JavaScript error: , line 0: uncaught exception: 2147746132
JavaScript error: , line 0: uncaught exception: 2147746132
JavaScript error: , line 0: uncaught exception: 2147746132
JavaScript error: , line 0: uncaught exception: 2147746132
JavaScript error: , line 0: uncaught exception: 2147746132
JavaScript error: , line 0: uncaught exception: 2147746132
JavaScript error: , line 0: uncaught exception: 2147746132
JavaScript error: , line 0: uncaught exception: 2147746132
1602932885975	Marionette	INFO	Stopped listening on port 37397
1602932932010	geckodriver	INFO	Listening on 127.0.0.1:60691
1602932932038	mozrunner::runner	INFO	Running command: "/usr/bin/firefox-esr" "--marionette" "-foreground" "-no-remote" "-profile" "/tmp/rust_mozprofilegWOAPk"
1602932932769	addons.webextension.screenshots@mozilla.org	WARN	Loading extension 'screenshots@mozilla.org': Reading manifest: Invalid extension permission: mozillaAddons
1602932932770	addons.webextension.screenshots@mozilla.org	WARN	Loading extension 'screenshots@mozilla.org': Reading manifest: Invalid extension permission: telemetry
1602932932770	addons.webextension.screenshots@mozilla.org	WARN	Loading extension 'screenshots@mozilla.org': Reading manifest: Invalid extension permission: resource://pdf.js/
1602932932770	addons.webextension.screenshots@mozilla.org	WARN	Loading extension 'screenshots@mozilla.org': Reading manifest: Invalid extension permission: about:reader*
Sandbox: seccomp sandbox violation: pid 8115, tid 8115, syscall 315, args 8115 140074417183360 56 0 21 140074417183360.
Sandbox: seccomp sandbox violation: pid 8135, tid 8135, syscall 315, args 8135 140537792366208 56 0 36 140537792366208.
JavaScript error: undefined, line 14: Error: An unexpected error occurred
JavaScript error: moz-extension://2e6ae944-5c68-43be-acc5-8cd3548be02f/lib/picture_in_picture_overrides.js, line 15: Error: Incorrect argument types for pictureInPictureParent.setOverrides.
JavaScript error: resource:///modules/sessionstore/SessionStore.jsm, line 1325: uncaught exception: 2147746065
1602932935848	Marionette	INFO	Listening on port 45333
1602932935952	Marionette	WARN	TLS certificate errors will be ignored for this session
JavaScript error: , line 0: uncaught exception: 2147746132
JavaScript error: , line 0: uncaught exception: 2147746132
JavaScript error: , line 0: uncaught exception: 2147746132
JavaScript error: , line 0: uncaught exception: 2147746132
JavaScript error: , line 0: uncaught exception: 2147746132
JavaScript error: , line 0: uncaught exception: 2147746132
JavaScript error: , line 0: uncaught exception: 2147746132
JavaScript error: , line 0: uncaught exception: 2147746132
JavaScript error: , line 0: uncaught exception: 2147746132
JavaScript error: , line 0: uncaught exception: 2147746132
JavaScript error: , line 0: uncaught exception: 2147746132
JavaScript error: , line 0: uncaught exception: 2147746132
JavaScript error: , line 0: uncaught exception: 2147746132
JavaScript error: , line 0: uncaught exception: 2147746132
JavaScript error: , line 0: uncaught exception: 2147746132
JavaScript error: , line 0: uncaught exception: 2147746132
JavaScript error: , line 0: uncaught exception: 2147746132
JavaScript error: , line 0: uncaught exception: 2147746132
JavaScript error: , line 0: uncaught exception: 2147746132
JavaScript error: , line 0: uncaught exception: 2147746132
1602932993605	Marionette	INFO	Stopped listening on port 45333
1602933097124	geckodriver	INFO	Listening on 127.0.0.1:46071
1602933097193	mozrunner::runner	INFO	Running command: "/usr/bin/firefox-esr" "--marionette" "-foreground" "-no-remote" "-profile" "/tmp/rust_mozprofilesirWNy"
1602933097946	addons.webextension.screenshots@mozilla.org	WARN	Loading extension 'screenshots@mozilla.org': Reading manifest: Invalid extension permission: mozillaAddons
1602933097947	addons.webextension.screenshots@mozilla.org	WARN	Loading extension 'screenshots@mozilla.org': Reading manifest: Invalid extension permission: telemetry
1602933097947	addons.webextension.screenshots@mozilla.org	WARN	Loading extension 'screenshots@mozilla.org': Reading manifest: Invalid extension permission: resource://pdf.js/
1602933097947	addons.webextension.screenshots@mozilla.org	WARN	Loading extension 'screenshots@mozilla.org': Reading manifest: Invalid extension permission: about:reader*
Sandbox: seccomp sandbox violation: pid 8572, tid 8572, syscall 315, args 8572 140660735789696 56 0 21 140660735789696.
Sandbox: seccomp sandbox violation: pid 8592, tid 8592, syscall 315, args 8592 140681478027904 56 0 21 140681478027904.
JavaScript error: undefined, line 14: Error: An unexpected error occurred
JavaScript error: moz-extension://fded4138-51c9-49ec-ab7d-84e4d5b461b6/lib/picture_in_picture_overrides.js, line 15: Error: Incorrect argument types for pictureInPictureParent.setOverrides.
JavaScript error: resource:///modules/sessionstore/SessionStore.jsm, line 1325: uncaught exception: 2147746065
1602933101031	Marionette	INFO	Listening on port 37537
1602933101106	Marionette	WARN	TLS certificate errors will be ignored for this session
JavaScript error: , line 0: uncaught exception: 2147746132
JavaScript error: , line 0: uncaught exception: 2147746132
JavaScript error: , line 0: uncaught exception: 2147746132
JavaScript error: , line 0: uncaught exception: 2147746132
JavaScript error: , line 0: uncaught exception: 2147746132
JavaScript error: , line 0: uncaught exception: 2147746132
JavaScript error: , line 0: uncaught exception: 2147746132
JavaScript error: , line 0: uncaught exception: 2147746132
JavaScript error: , line 0: uncaught exception: 2147746132
JavaScript error: , line 0: uncaught exception: 2147746132
JavaScript error: , line 0: uncaught exception: 2147746132
JavaScript error: , line 0: uncaught exception: 2147746132
JavaScript error: , line 0: uncaught exception: 2147746132
JavaScript error: , line 0: uncaught exception: 2147746132
JavaScript error: , line 0: uncaught exception: 2147746132
JavaScript error: , line 0: uncaught exception: 2147746132
JavaScript error: , line 0: uncaught exception: 2147746132
JavaScript error: , line 0: uncaught exception: 2147746132
JavaScript error: , line 0: uncaught exception: 2147746132
JavaScript error: , line 0: uncaught exception: 2147746132
1602933156207	Marionette	INFO	Stopped listening on port 37537
1602933269293	geckodriver	INFO	Listening on 127.0.0.1:39375
1602933269316	mozrunner::runner	INFO	Running command: "/usr/bin/firefox-esr" "--marionette" "-foreground" "-no-remote" "-profile" "/tmp/rust_mozprofileEuSzwo"
1602933270078	addons.webextension.screenshots@mozilla.org	WARN	Loading extension 'screenshots@mozilla.org': Reading manifest: Invalid extension permission: mozillaAddons
1602933270079	addons.webextension.screenshots@mozilla.org	WARN	Loading extension 'screenshots@mozilla.org': Reading manifest: Invalid extension permission: telemetry
1602933270079	addons.webextension.screenshots@mozilla.org	WARN	Loading extension 'screenshots@mozilla.org': Reading manifest: Invalid extension permission: resource://pdf.js/
1602933270079	addons.webextension.screenshots@mozilla.org	WARN	Loading extension 'screenshots@mozilla.org': Reading manifest: Invalid extension permission: about:reader*
Sandbox: seccomp sandbox violation: pid 9189, tid 9189, syscall 315, args 9189 139960487303808 56 0 21 139960487303808.
Sandbox: seccomp sandbox violation: pid 9211, tid 9211, syscall 315, args 9211 140328697830016 56 0 21 140328697830016.
JavaScript error: undefined, line 14: Error: An unexpected error occurred
JavaScript error: moz-extension://d352ad64-62bd-4556-893e-6ac247764d69/lib/picture_in_picture_overrides.js, line 15: Error: Incorrect argument types for pictureInPictureParent.setOverrides.
JavaScript error: resource:///modules/sessionstore/SessionStore.jsm, line 1325: uncaught exception: 2147746065
1602933273264	Marionette	INFO	Listening on port 33983
1602933273331	Marionette	WARN	TLS certificate errors will be ignored for this session
JavaScript error: , line 0: uncaught exception: 2147746132
JavaScript error: , line 0: uncaught exception: 2147746132
JavaScript error: , line 0: uncaught exception: 2147746132
JavaScript error: , line 0: uncaught exception: 2147746132
JavaScript error: , line 0: uncaught exception: 2147746132
JavaScript error: , line 0: uncaught exception: 2147746132
JavaScript error: , line 0: uncaught exception: 2147746132
JavaScript error: , line 0: uncaught exception: 2147746132
JavaScript error: , line 0: uncaught exception: 2147746132
JavaScript error: , line 0: uncaught exception: 2147746132
JavaScript error: , line 0: uncaught exception: 2147746132
JavaScript error: , line 0: uncaught exception: 2147746132
JavaScript error: , line 0: uncaught exception: 2147746132
JavaScript error: , line 0: uncaught exception: 2147746132
JavaScript error: , line 0: uncaught exception: 2147746132
JavaScript error: , line 0: uncaught exception: 2147746132
JavaScript error: , line 0: uncaught exception: 2147746132
JavaScript error: , line 0: uncaught exception: 2147746132
JavaScript error: , line 0: uncaught exception: 2147746132
JavaScript error: , line 0: uncaught exception: 2147746132
1602933331009	Marionette	INFO	Stopped listening on port 33983
1602933388954	geckodriver	INFO	Listening on 127.0.0.1:59615
1602933388970	mozrunner::runner	INFO	Running command: "/usr/bin/firefox-esr" "--marionette" "-foreground" "-no-remote" "-profile" "/tmp/rust_mozprofileliEWem"
1602933389926	addons.webextension.screenshots@mozilla.org	WARN	Loading extension 'screenshots@mozilla.org': Reading manifest: Invalid extension permission: mozillaAddons
1602933389926	addons.webextension.screenshots@mozilla.org	WARN	Loading extension 'screenshots@mozilla.org': Reading manifest: Invalid extension permission: telemetry
1602933389926	addons.webextension.screenshots@mozilla.org	WARN	Loading extension 'screenshots@mozilla.org': Reading manifest: Invalid extension permission: resource://pdf.js/
1602933389926	addons.webextension.screenshots@mozilla.org	WARN	Loading extension 'screenshots@mozilla.org': Reading manifest: Invalid extension permission: about:reader*
Sandbox: seccomp sandbox violation: pid 9549, tid 9549, syscall 315, args 9549 139839555029632 56 0 21 139839555029632.
Sandbox: seccomp sandbox violation: pid 9569, tid 9569, syscall 315, args 9569 140238255044480 56 0 33 140238255044480.
JavaScript error: undefined, line 14: Error: An unexpected error occurred
JavaScript error: moz-extension://10742f7b-7a4a-49ae-8be6-54dcf9a0d48b/lib/picture_in_picture_overrides.js, line 15: Error: Incorrect argument types for pictureInPictureParent.setOverrides.
JavaScript error: resource:///modules/sessionstore/SessionStore.jsm, line 1325: uncaught exception: 2147746065
1602933393361	Marionette	INFO	Listening on port 43175
1602933393384	Marionette	WARN	TLS certificate errors will be ignored for this session
JavaScript error: , line 0: uncaught exception: 2147746132
JavaScript error: , line 0: uncaught exception: 2147746132
JavaScript error: , line 0: uncaught exception: 2147746132
JavaScript error: , line 0: uncaught exception: 2147746132
JavaScript error: , line 0: uncaught exception: 2147746132
JavaScript error: , line 0: uncaught exception: 2147746132
JavaScript error: , line 0: uncaught exception: 2147746132
JavaScript error: , line 0: uncaught exception: 2147746132
JavaScript error: , line 0: uncaught exception: 2147746132
JavaScript error: , line 0: uncaught exception: 2147746132
JavaScript error: , line 0: uncaught exception: 2147746132
JavaScript error: , line 0: uncaught exception: 2147746132
JavaScript error: , line 0: uncaught exception: 2147746132
JavaScript error: , line 0: uncaught exception: 2147746132
JavaScript error: , line 0: uncaught exception: 2147746132
JavaScript error: , line 0: uncaught exception: 2147746132
JavaScript error: , line 0: uncaught exception: 2147746132
JavaScript error: , line 0: uncaught exception: 2147746132
JavaScript error: , line 0: uncaught exception: 2147746132
JavaScript error: , line 0: uncaught exception: 2147746132
1602933471549	Marionette	INFO	Stopped listening on port 43175
